[2014-04-23 14:37:20] PostcodeCheckCept.php.ALERT: Call to undefined method TestGuy::amOnPage [] []
[2014-04-23 14:37:20] PostcodeCheckCept.php.INFO: # ERROR # [] []
[2014-04-23 14:37:20] PostcodeCheckCept.php.INFO: PASSED [] []
[2014-04-23 14:37:20] AreacodeTest::testMe.ALERT: Undefined variable: scenario [] []
[2014-04-23 14:37:20] AreacodeTest::testMe.INFO: # ERROR # [] []
[2014-04-23 14:37:20] AreacodeTest::testMe.INFO: PASSED [] []
[2014-04-23 14:39:25] PostcodeCheckCept.php.ALERT: Call to undefined method TestGuy::amOnPage [] []
[2014-04-23 14:39:25] PostcodeCheckCept.php.INFO: # ERROR # [] []
[2014-04-23 14:39:25] PostcodeCheckCept.php.INFO: PASSED [] []
[2014-04-23 14:39:25] AreacodeTest::testMe.ALERT: Undefined variable: scenario [] []
[2014-04-23 14:39:25] AreacodeTest::testMe.INFO: # ERROR # [] []
[2014-04-23 14:39:25] AreacodeTest::testMe.INFO: PASSED [] []
[2014-04-23 14:40:03] PostcodeCheckCept.php.ALERT: Call to undefined method TestGuy::amOnPage [] []
[2014-04-23 14:40:03] PostcodeCheckCept.php.INFO: # ERROR # [] []
[2014-04-23 14:40:03] PostcodeCheckCept.php.INFO: PASSED [] []
[2014-04-23 14:40:03] AreacodeTest::testMe.ALERT: Argument 1 passed to Codeception\AbstractGuy::__construct() must be an instance of Codeception\Scenario, none given, called in C:\xampp\htdocs\Laravel\JustEat\app\tests\functional\AreacodeTest.php on line 23 and defined [] []
[2014-04-23 14:40:03] AreacodeTest::testMe.INFO: # ERROR # [] []
[2014-04-23 14:40:03] AreacodeTest::testMe.INFO: PASSED [] []
[2014-04-23 14:40:39] PostcodeCheckCept.php.ALERT: Call to undefined method TestGuy::amOnPage [] []
[2014-04-23 14:40:39] PostcodeCheckCept.php.INFO: # ERROR # [] []
[2014-04-23 14:40:39] PostcodeCheckCept.php.INFO: PASSED [] []
[2014-04-23 14:40:39] AreacodeTest::testMe.ALERT: Argument 1 passed to Codeception\AbstractGuy::__construct() must be an instance of Codeception\Scenario, instance of AreacodeTest given, called in C:\xampp\htdocs\Laravel\JustEat\app\tests\functional\AreacodeTest.php on line 23 and defined [] []
[2014-04-23 14:40:39] AreacodeTest::testMe.INFO: # ERROR # [] []
[2014-04-23 14:40:39] AreacodeTest::testMe.INFO: PASSED [] []
[2014-04-23 14:43:44] PostcodeCheckCept.php.ALERT: Call to undefined method TestGuy::amOnPage [] []
[2014-04-23 14:43:44] PostcodeCheckCept.php.INFO: # ERROR # [] []
[2014-04-23 14:43:44] PostcodeCheckCept.php.INFO: PASSED [] []
[2014-04-23 14:50:54] PostcodeCheckCept.php.ALERT: Call to undefined method TestGuy::sendPOST [] []
[2014-04-23 14:50:54] PostcodeCheckCept.php.INFO: # ERROR # [] []
[2014-04-23 14:50:54] PostcodeCheckCept.php.INFO: PASSED [] []
[2014-04-23 14:53:14] PostcodeCheckCept.php.ALERT: Call to undefined method TestGuy::sendPOST [] []
[2014-04-23 14:53:14] PostcodeCheckCept.php.INFO: # ERROR # [] []
[2014-04-23 14:53:14] PostcodeCheckCept.php.INFO: PASSED [] []
[2014-04-23 15:02:10] PostcodeCheckCept.php.ALERT: Call to undefined method TestGuy::sendPOST [] []
[2014-04-23 15:02:10] PostcodeCheckCept.php.INFO: # ERROR # [] []
[2014-04-23 15:02:10] PostcodeCheckCept.php.INFO: PASSED [] []
[2014-04-23 15:02:38] PostcodeCheckCept.php.ALERT: Call to undefined method TestGuy::sendPOST [] []
[2014-04-23 15:02:38] PostcodeCheckCept.php.INFO: # ERROR # [] []
[2014-04-23 15:02:38] PostcodeCheckCept.php.INFO: PASSED [] []
[2014-04-23 15:25:49] PostcodeCheckCept.php.ALERT: Call to undefined method TestGuy::sendPOST [] []
[2014-04-23 15:25:49] PostcodeCheckCept.php.INFO: # ERROR # [] []
[2014-04-23 15:25:49] PostcodeCheckCept.php.INFO: PASSED [] []
[2014-04-23 15:26:41] PostcodeCheckCept.php.ALERT: Call to undefined method TestGuy::sendPOST [] []
[2014-04-23 15:26:41] PostcodeCheckCept.php.INFO: # ERROR # [] []
[2014-04-23 15:26:41] PostcodeCheckCept.php.INFO: PASSED [] []
[2014-04-23 15:30:37] PostcodeCheckCept.php.ALERT: Call to undefined method TestGuy::sendAjaxPostRequest [] []
[2014-04-23 15:30:37] PostcodeCheckCept.php.INFO: # ERROR # [] []
[2014-04-23 15:30:37] PostcodeCheckCept.php.INFO: PASSED [] []
[2014-04-23 15:30:50] PostcodeCheckCept.php.ALERT: Call to undefined method TestGuy::sendAjaxPostRequest [] []
[2014-04-23 15:30:50] PostcodeCheckCept.php.INFO: # ERROR # [] []
[2014-04-23 15:30:50] PostcodeCheckCept.php.INFO: PASSED [] []
[2014-04-23 15:31:47] PostcodeCheckCept.php.ALERT: Call to undefined method TestGuy::amOnPage [] []
[2014-04-23 15:31:47] PostcodeCheckCept.php.INFO: # ERROR # [] []
[2014-04-23 15:31:47] PostcodeCheckCept.php.INFO: PASSED [] []
[2014-04-23 15:33:39] PostcodeCheckCept.php.ALERT: Call to undefined method TestGuy::amOnPage [] []
[2014-04-23 15:33:39] PostcodeCheckCept.php.INFO: # ERROR # [] []
[2014-04-23 15:33:39] PostcodeCheckCept.php.INFO: PASSED [] []
[2014-04-23 15:34:27] PostcodeCheckCept.php.INFO: am in path "/" [] []
[2014-04-23 15:34:27] PostcodeCheckCept.php.ALERT: Call to undefined method TestGuy::fillField [] []
[2014-04-23 15:34:27] PostcodeCheckCept.php.INFO: # ERROR # [] []
[2014-04-23 15:34:27] PostcodeCheckCept.php.INFO: PASSED [] []
[2014-04-23 15:36:43] AreacodeTest::testMe.ALERT: Undefined variable: scenario [] []
[2014-04-23 15:36:43] AreacodeTest::testMe.INFO: # ERROR # [] []
[2014-04-23 15:36:43] AreacodeTest::testMe.INFO: PASSED [] []
[2014-04-23 15:42:34] AreacodeTest::testMe.INFO: PASSED [] []
[2014-04-23 15:45:39] AreacodeTest::testMe.ALERT: Argument 1 passed to Codeception\AbstractGuy::__construct() must be an instance of Codeception\Scenario, none given, called in C:\xampp\htdocs\Laravel\JustEat\app\tests\functional\AreacodeTest.php on line 24 and defined [] []
[2014-04-23 15:45:39] AreacodeTest::testMe.INFO: # ERROR # [] []
[2014-04-23 15:45:39] AreacodeTest::testMe.INFO: PASSED [] []
[2014-04-23 15:45:58] AreacodeTest::testMe.ALERT: Argument 1 passed to Codeception\AbstractGuy::__construct() must be an instance of Codeception\Scenario, none given, called in C:\xampp\htdocs\Laravel\JustEat\app\tests\functional\AreacodeTest.php on line 24 and defined [] []
[2014-04-23 15:45:58] AreacodeTest::testMe.INFO: # ERROR # [] []
[2014-04-23 15:45:58] AreacodeTest::testMe.INFO: PASSED [] []
[2014-04-23 15:46:11] AreacodeTest::testMe.ALERT: Undefined variable: scenario [] []
[2014-04-23 15:46:11] AreacodeTest::testMe.INFO: # ERROR # [] []
[2014-04-23 15:46:11] AreacodeTest::testMe.INFO: PASSED [] []
[2014-04-23 15:47:55] AreacodeTest::testMe.ALERT: Undefined property: AreacodeTest::$client [] []
[2014-04-23 15:47:55] AreacodeTest::testMe.INFO: # ERROR # [] []
[2014-04-23 15:47:55] AreacodeTest::testMe.INFO: PASSED [] []
[2014-04-23 15:48:56] AreacodeTest::testMe.ALERT: Undefined property: AreacodeTest::$client [] []
[2014-04-23 15:48:56] AreacodeTest::testMe.INFO: # ERROR # [] []
[2014-04-23 15:48:56] AreacodeTest::testMe.INFO: PASSED [] []
[2014-04-23 15:49:32] AreacodeTest::testMe.ALERT: Argument 1 passed to Codeception\AbstractGuy::__construct() must be an instance of Codeception\Scenario, none given, called in C:\xampp\htdocs\Laravel\JustEat\app\tests\functional\AreacodeTest.php on line 24 and defined [] []
[2014-04-23 15:49:32] AreacodeTest::testMe.INFO: # ERROR # [] []
[2014-04-23 15:49:32] AreacodeTest::testMe.INFO: PASSED [] []
[2014-04-23 15:51:19] AreacodeTest::testMe.ALERT: Undefined variable: scenario [] []
[2014-04-23 15:51:19] AreacodeTest::testMe.INFO: # ERROR # [] []
[2014-04-23 15:51:19] AreacodeTest::testMe.INFO: PASSED [] []
[2014-04-23 16:11:13] AreacodeTest::testMe.ALERT: Undefined variable: scenario [] []
[2014-04-23 16:11:13] AreacodeTest::testMe.INFO: # ERROR # [] []
[2014-04-23 16:11:13] AreacodeTest::testMe.INFO: PASSED [] []
[2014-04-23 14:27:48] AreacodeTest::testMe.ALERT: Undefined property: AreacodeTest::$client [] []
[2014-04-23 14:27:48] AreacodeTest::testMe.INFO: # ERROR # [] []
[2014-04-23 14:27:48] AreacodeTest::testMe.INFO: PASSED [] []
[2014-04-23 14:28:18] AreacodeTest::testMe.ALERT: Undefined variable: scenario [] []
[2014-04-23 14:28:18] AreacodeTest::testMe.INFO: # ERROR # [] []
[2014-04-23 14:28:18] AreacodeTest::testMe.INFO: PASSED [] []
[2014-04-23 14:28:58] AreacodeTest::testMe.ALERT: Argument 1 passed to AreacodeTest::testMe() must be an instance of TestGuy, none given [] []
[2014-04-23 14:28:58] AreacodeTest::testMe.INFO: # ERROR # [] []
[2014-04-23 14:28:58] AreacodeTest::testMe.INFO: PASSED [] []
[2014-04-23 14:29:13] AreacodeTest::testMe.ALERT: Missing argument 1 for AreacodeTest::testMe() [] []
[2014-04-23 14:29:13] AreacodeTest::testMe.INFO: # ERROR # [] []
[2014-04-23 14:29:13] AreacodeTest::testMe.INFO: PASSED [] []
[2014-04-23 14:29:34] AreacodeTest::testMe.ALERT: Undefined variable: testGuy [] []
[2014-04-23 14:29:34] AreacodeTest::testMe.INFO: # ERROR # [] []
[2014-04-23 14:29:34] AreacodeTest::testMe.INFO: PASSED [] []
[2014-04-23 14:29:46] AreacodeTest::testMe.ALERT: Argument 1 passed to Codeception\AbstractGuy::__construct() must be an instance of Codeception\Scenario, instance of TestGuy given, called in C:\xampp\htdocs\Laravel\JustEat\app\tests\functional\AreacodeTest.php on line 24 and defined [] []
[2014-04-23 14:29:46] AreacodeTest::testMe.INFO: # ERROR # [] []
[2014-04-23 14:29:46] AreacodeTest::testMe.INFO: PASSED [] []
[2014-04-23 16:32:40] AreacodeTest::testMe.ALERT: Undefined variable: scenario [] []
[2014-04-23 16:32:40] AreacodeTest::testMe.INFO: # ERROR # [] []
[2014-04-23 16:32:40] AreacodeTest::testMe.INFO: PASSED [] []
[2014-04-23 15:08:41] ValidAreacodeCept.php.INFO: am in path "/" [] []
[2014-04-23 15:08:41] ValidAreacodeCept.php.ALERT: Call to undefined method TestGuy::fillField [] []
[2014-04-23 15:08:41] ValidAreacodeCept.php.INFO: # ERROR # [] []
[2014-04-23 15:08:41] ValidAreacodeCept.php.INFO: PASSED [] []
[2014-04-23 15:09:52] ValidAreacodeCept.php.INFO: am in path "/" [] []
[2014-04-23 15:09:52] ValidAreacodeCept.php.ALERT: Call to undefined method TestGuy::fillField [] []
[2014-04-23 15:09:52] ValidAreacodeCept.php.INFO: # ERROR # [] []
[2014-04-23 15:09:52] ValidAreacodeCept.php.INFO: PASSED [] []
[2014-04-23 15:10:08] ValidAreacodeCept.php.INFO: am in path "/" [] []
[2014-04-23 15:10:08] ValidAreacodeCept.php.ALERT: Call to undefined method TestGuy::fillField [] []
[2014-04-23 15:10:08] ValidAreacodeCept.php.INFO: # ERROR # [] []
[2014-04-23 15:10:08] ValidAreacodeCept.php.INFO: PASSED [] []
[2014-04-23 15:11:35] ValidAreacodeCept.php.ALERT: Call to undefined method TestGuy::amOnPage [] []
[2014-04-23 15:11:35] ValidAreacodeCept.php.INFO: # ERROR # [] []
[2014-04-23 15:11:35] ValidAreacodeCept.php.INFO: PASSED [] []
[2014-04-23 15:11:49] ValidAreacodeCept.php.ALERT: Call to undefined method TestGuy::amOnPage [] []
[2014-04-23 15:11:49] ValidAreacodeCept.php.INFO: # ERROR # [] []
[2014-04-23 15:11:49] ValidAreacodeCept.php.INFO: PASSED [] []
[2014-04-23 15:12:04] ValidAreacodeCept.php.ALERT: Call to undefined method TestGuy::amInPage [] []
[2014-04-23 15:12:04] ValidAreacodeCept.php.INFO: # ERROR # [] []
[2014-04-23 15:12:04] ValidAreacodeCept.php.INFO: PASSED [] []
[2014-04-23 15:12:28] ValidAreacodeCept.php.INFO: am in path "/" [] []
[2014-04-23 15:12:28] ValidAreacodeCept.php.ALERT: Call to undefined method TestGuy::fillField [] []
[2014-04-23 15:12:28] ValidAreacodeCept.php.INFO: # ERROR # [] []
[2014-04-23 15:12:28] ValidAreacodeCept.php.INFO: PASSED [] []
[2014-04-23 15:16:02] ValidAreacodeCept.php.INFO: am in path "/" [] []
[2014-04-23 15:16:02] ValidAreacodeCept.php.INFO: fill field "areacode","SE19" [] []
[2014-04-23 15:16:02] ValidAreacodeCept.php.INFO: click "Search" [] []
[2014-04-23 15:16:03] ValidAreacodeCept.php.INFO: see "Restaurants delivering in your area" [] []
[2014-04-23 15:16:03] ValidAreacodeCept.php.ALERT: Failed asserting that  -->  <bold>/restaurants</bold><info>{"ShortResultText":"SE19","Restaurants":[{"Id":20625,"Name":"Hot Wok","Address":"54 High Street","Postcode":"SE25 6EF","City":"London","CuisineTypes":[{"Id":33,"Name":"Chinese","SeoName":null}],"Url":"http://hotwok-se25.just-eat.co.uk","IsOpenNow":true,"IsSponsored":true,"IsNew":false,"IsTemporarily</info> <debug>[Content too long to display. See complete response in '_log' directory]</debug> --> contains "restaurants delivering in your area". [] []
[2014-04-23 15:16:03] ValidAreacodeCept.php.INFO: # FAILED # [] []
[2014-04-23 15:16:03] ValidAreacodeCept.php.INFO: PASSED [] []
[2014-04-23 15:20:54] ValidAreacodeCept.php.INFO: am in path "/" [] []
[2014-04-23 15:20:54] ValidAreacodeCept.php.INFO: fill field "areacode","SE19" [] []
[2014-04-23 15:20:54] ValidAreacodeCept.php.INFO: send ajax post request "/restaurants",{"areacode":"SE19"} [] []
[2014-04-23 15:20:54] ValidAreacodeCept.php.INFO: click "Search" [] []
[2014-04-23 15:20:54] ValidAreacodeCept.php.ALERT: CSS or XPath 'Search' was not found on page. [] []
[2014-04-23 15:20:54] ValidAreacodeCept.php.INFO: # FAILED # [] []
[2014-04-23 15:20:54] ValidAreacodeCept.php.INFO: PASSED [] []
[2014-04-23 15:21:15] ValidAreacodeCept.php.INFO: am in path "/" [] []
[2014-04-23 15:21:15] ValidAreacodeCept.php.INFO: fill field "areacode","SE19" [] []
[2014-04-23 15:21:16] ValidAreacodeCept.php.INFO: send ajax get request "/restaurants",{"areacode":"SE19"} [] []
[2014-04-23 15:21:16] ValidAreacodeCept.php.INFO: click "Search" [] []
[2014-04-23 15:21:16] ValidAreacodeCept.php.ALERT: CSS or XPath 'Search' was not found on page. [] []
[2014-04-23 15:21:16] ValidAreacodeCept.php.INFO: # FAILED # [] []
[2014-04-23 15:21:16] ValidAreacodeCept.php.INFO: PASSED [] []
[2014-04-23 15:21:22] ValidAreacodeCept.php.INFO: am in path "/" [] []
[2014-04-23 15:21:22] ValidAreacodeCept.php.INFO: fill field "areacode","SE19" [] []
[2014-04-23 15:21:23] ValidAreacodeCept.php.INFO: click "Search" [] []
[2014-04-23 15:21:23] ValidAreacodeCept.php.INFO: see "Restaurants delivering in your area" [] []
[2014-04-23 15:21:23] ValidAreacodeCept.php.ALERT: Failed asserting that  -->  <bold>/restaurants</bold><info>{"ShortResultText":"SE19","Restaurants":[{"Id":20625,"Name":"Hot Wok","Address":"54 High Street","Postcode":"SE25 6EF","City":"London","CuisineTypes":[{"Id":33,"Name":"Chinese","SeoName":null}],"Url":"http://hotwok-se25.just-eat.co.uk","IsOpenNow":true,"IsSponsored":true,"IsNew":false,"IsTemporarily</info> <debug>[Content too long to display. See complete response in '_log' directory]</debug> --> contains "restaurants delivering in your area". [] []
[2014-04-23 15:21:23] ValidAreacodeCept.php.INFO: # FAILED # [] []
[2014-04-23 15:21:23] ValidAreacodeCept.php.INFO: PASSED [] []
[2014-04-23 15:21:32] ValidAreacodeCept.php.INFO: am in path "/" [] []
[2014-04-23 15:21:32] ValidAreacodeCept.php.INFO: fill field "areacode","SE19zzzzz" [] []
[2014-04-23 15:21:32] ValidAreacodeCept.php.INFO: click "Search" [] []
[2014-04-23 15:21:32] ValidAreacodeCept.php.INFO: see "Restaurants delivering in your area" [] []
[2014-04-23 15:21:32] ValidAreacodeCept.php.ALERT: Failed asserting that  -->  <bold>/restaurants</bold><info>{"ShortResultText":"SE19zzzzz","Restaurants":[]}</info> --> contains "restaurants delivering in your area". [] []
[2014-04-23 15:21:32] ValidAreacodeCept.php.INFO: # FAILED # [] []
[2014-04-23 15:21:32] ValidAreacodeCept.php.INFO: PASSED [] []
[2014-04-23 15:27:18] ValidAreacodeCept.php.INFO: am in path "/" [] []
[2014-04-23 15:27:18] ValidAreacodeCept.php.INFO: fill field "areacode","SE19" [] []
[2014-04-23 15:27:18] ValidAreacodeCept.php.INFO: click "Search" [] []
[2014-04-23 15:27:19] ValidAreacodeCept.php.INFO: see "Restaurants delivering in your area" [] []
[2014-04-23 15:27:19] ValidAreacodeCept.php.ALERT: Failed asserting that  -->  <bold>/restaurants</bold><info>{"ShortResultText":"SE19","Restaurants":[{"Id":20625,"Name":"Hot Wok","Address":"54 High Street","Postcode":"SE25 6EF","City":"London","CuisineTypes":[{"Id":33,"Name":"Chinese","SeoName":null}],"Url":"http://hotwok-se25.just-eat.co.uk","IsOpenNow":true,"IsSponsored":true,"IsNew":false,"IsTemporarily</info> <debug>[Content too long to display. See complete response in '_log' directory]</debug> --> contains "restaurants delivering in your area". [] []
[2014-04-23 15:27:19] ValidAreacodeCept.php.INFO: # FAILED # [] []
[2014-04-23 15:27:19] ValidAreacodeCept.php.INFO: PASSED [] []
[2014-04-23 15:29:01] ValidAreacodeCept.php.INFO: am in path "/" [] []
[2014-04-23 15:29:01] ValidAreacodeCept.php.INFO: fill field "areacode","SE19" [] []
[2014-04-23 15:29:02] ValidAreacodeCept.php.INFO: click "Search" [] []
[2014-04-23 15:29:02] ValidAreacodeCept.php.INFO: see "("Restaurants""[("Id":" [] []
[2014-04-23 15:29:02] ValidAreacodeCept.php.ALERT: Failed asserting that  -->  <bold>/restaurants</bold><info>{"ShortResultText":"SE19","Restaurants":[{"Id":20625,"Name":"Hot Wok","Address":"54 High Street","Postcode":"SE25 6EF","City":"London","CuisineTypes":[{"Id":33,"Name":"Chinese","SeoName":null}],"Url":"http://hotwok-se25.just-eat.co.uk","IsOpenNow":true,"IsSponsored":true,"IsNew":false,"IsTemporarily</info> <debug>[Content too long to display. See complete response in '_log' directory]</debug> --> contains "("restaurants""[("id":". [] []
[2014-04-23 15:29:02] ValidAreacodeCept.php.INFO: # FAILED # [] []
[2014-04-23 15:29:02] ValidAreacodeCept.php.INFO: PASSED [] []
[2014-04-23 15:30:08] ValidAreacodeCept.php.INFO: am in path "/" [] []
[2014-04-23 15:30:08] ValidAreacodeCept.php.INFO: fill field "areacode","SE19" [] []
[2014-04-23 15:30:08] ValidAreacodeCept.php.INFO: click "Search" [] []
[2014-04-23 15:30:09] ValidAreacodeCept.php.INFO: see "{"ShortResultText":"SE19","Restaurants":[{"Id"" [] []
[2014-04-23 15:30:09] ValidAreacodeCept.php.INFO: PASSED [] []
[2014-04-23 15:30:57] ValidAreacodeCept.php.INFO: am in path "/" [] []
[2014-04-23 15:30:57] ValidAreacodeCept.php.INFO: fill field "areacode","SE19zzz" [] []
[2014-04-23 15:30:57] ValidAreacodeCept.php.INFO: click "Search" [] []
[2014-04-23 15:30:57] ValidAreacodeCept.php.INFO: see "{"ShortResultText":"SE19","Restaurants":[{"Id"" [] []
[2014-04-23 15:30:57] ValidAreacodeCept.php.ALERT: Failed asserting that  -->  <bold>/restaurants</bold><info>{"ShortResultText":"SE19zzz","Restaurants":[]}</info> --> contains "{"shortresulttext":"se19","restaurants":[{"id"". [] []
[2014-04-23 15:30:57] ValidAreacodeCept.php.INFO: # FAILED # [] []
[2014-04-23 15:30:57] ValidAreacodeCept.php.INFO: PASSED [] []
[2014-04-23 15:31:50] ValidAreacodeCept.php.INFO: am in path "/" [] []
[2014-04-23 15:31:50] ValidAreacodeCept.php.INFO: fill field "areacode","SE19" [] []
[2014-04-23 15:31:50] ValidAreacodeCept.php.INFO: click "Search" [] []
[2014-04-23 15:31:50] ValidAreacodeCept.php.INFO: see "{"ShortResultText":"SE19","Restaurants":[{"Id"" [] []
[2014-04-23 15:31:50] ValidAreacodeCept.php.INFO: PASSED [] []
[2014-04-23 15:32:18] ValidAreacodeCept.php.INFO: am in path "/" [] []
[2014-04-23 15:32:18] ValidAreacodeCept.php.INFO: fill field "areacode","SE19zzz" [] []
[2014-04-23 15:32:18] ValidAreacodeCept.php.INFO: click "Search" [] []
[2014-04-23 15:32:19] ValidAreacodeCept.php.INFO: see "{"ShortResultText":"SE19zzz","Restaurants":[{"Id"" [] []
[2014-04-23 15:32:19] ValidAreacodeCept.php.ALERT: Failed asserting that  -->  <bold>/restaurants</bold><info>{"ShortResultText":"SE19zzz","Restaurants":[]}</info> --> contains "{"shortresulttext":"se19zzz","restaurants":[{"id"". [] []
[2014-04-23 15:32:19] ValidAreacodeCept.php.INFO: # FAILED # [] []
[2014-04-23 15:32:19] ValidAreacodeCept.php.INFO: PASSED [] []
[2014-04-23 16:20:30] ValidAreacodeCept.php.INFO: am in path "/" [] []
[2014-04-23 16:20:30] ValidAreacodeCept.php.INFO: fill field "areacode","SE19" [] []
[2014-04-23 16:20:30] ValidAreacodeCept.php.INFO: click "Search" [] []
[2014-04-23 16:20:31] ValidAreacodeCept.php.INFO: see "{"ShortResultText":"SE19","Restaurants":[{"Id"" [] []
[2014-04-23 16:20:31] ValidAreacodeCept.php.INFO: PASSED [] []
